  [1m[35mSQL (2.0ms)[0m  [1m[35mCREATE EXTENSION IF NOT EXISTS "plpgsql"[0m
  [1m[35m (0.8ms)[0m  [1m[35mDROP TABLE IF EXISTS "users" CASCADE[0m
  [1m[35m (13.2ms)[0m  [1m[35mCREATE TABLE "users" ("id" bigserial primary key, "username" character varying NOT NULL, "password_digest" character varying NOT NULL, "session_token" character varying NOT NULL, "created_at" timestamp NOT NULL, "updated_at" timestamp NOT NULL)[0m
  [1m[35m (2.1ms)[0m  [1m[35mCREATE  INDEX  "index_users_on_session_token" ON "users"  ("session_token")[0m
  [1m[35m (2.9ms)[0m  [1m[35mCREATE TABLE "schema_migrations" ("version" character varying NOT NULL PRIMARY KEY)[0m
  [1m[35m (0.9ms)[0m  [1m[34mSELECT "schema_migrations"."version" FROM "schema_migrations" ORDER BY "schema_migrations"."version" ASC[0m
  [1m[35m (2.1ms)[0m  [1m[32mINSERT INTO "schema_migrations" (version) VALUES (20170915205101)[0m
  [1m[35m (2.9ms)[0m  [1m[35mCREATE TABLE "ar_internal_metadata" ("key" character varying NOT NULL PRIMARY KEY, "value" character varying, "created_at" timestamp NOT NULL, "updated_at" timestamp NOT NULL)[0m
  [1m[36mActiveRecord::InternalMetadata Load (0.4ms)[0m  [1m[34mSELECT  "ar_internal_metadata".* FROM "ar_internal_metadata" WHERE "ar_internal_metadata"."key" = $1 LIMIT $2[0m  [["key", "environment"], ["LIMIT", 1]]
  [1m[35m (0.1ms)[0m  [1m[35mBEGIN[0m
  [1m[35mSQL (0.9ms)[0m  [1m[32mINSERT INTO "ar_internal_metadata" ("key", "value", "created_at", "updated_at") VALUES ($1, $2, $3, $4) RETURNING "key"[0m  [["key", "environment"], ["value", "development"], ["created_at", "2017-09-16 01:30:36.312397"], ["updated_at", "2017-09-16 01:30:36.312397"]]
  [1m[35m (0.5ms)[0m  [1m[35mCOMMIT[0m
  [1m[36mActiveRecord::InternalMetadata Load (0.7ms)[0m  [1m[34mSELECT  "ar_internal_metadata".* FROM "ar_internal_metadata" WHERE "ar_internal_metadata"."key" = $1 LIMIT $2[0m  [["key", "environment"], ["LIMIT", 1]]
  [1m[35m (0.1ms)[0m  [1m[35mBEGIN[0m
  [1m[35m (0.1ms)[0m  [1m[35mCOMMIT[0m
  [1m[35mSQL (0.3ms)[0m  [1m[35mCREATE EXTENSION IF NOT EXISTS "plpgsql"[0m
  [1m[35m (0.2ms)[0m  [1m[35mDROP TABLE IF EXISTS "users" CASCADE[0m
  [1m[35m (7.3ms)[0m  [1m[35mCREATE TABLE "users" ("id" bigserial primary key, "username" character varying NOT NULL, "password_digest" character varying NOT NULL, "session_token" character varying NOT NULL, "created_at" timestamp NOT NULL, "updated_at" timestamp NOT NULL)[0m
  [1m[35m (1.6ms)[0m  [1m[35mCREATE  INDEX  "index_users_on_session_token" ON "users"  ("session_token")[0m
  [1m[35m (2.9ms)[0m  [1m[35mCREATE TABLE "schema_migrations" ("version" character varying NOT NULL PRIMARY KEY)[0m
  [1m[35m (0.6ms)[0m  [1m[34mSELECT "schema_migrations"."version" FROM "schema_migrations" ORDER BY "schema_migrations"."version" ASC[0m
  [1m[35m (0.5ms)[0m  [1m[32mINSERT INTO "schema_migrations" (version) VALUES (20170915205101)[0m
  [1m[35m (3.3ms)[0m  [1m[35mCREATE TABLE "ar_internal_metadata" ("key" character varying NOT NULL PRIMARY KEY, "value" character varying, "created_at" timestamp NOT NULL, "updated_at" timestamp NOT NULL)[0m
  [1m[36mActiveRecord::InternalMetadata Load (0.4ms)[0m  [1m[34mSELECT  "ar_internal_metadata".* FROM "ar_internal_metadata" WHERE "ar_internal_metadata"."key" = $1 LIMIT $2[0m  [["key", "environment"], ["LIMIT", 1]]
  [1m[35m (0.1ms)[0m  [1m[35mBEGIN[0m
  [1m[35mSQL (0.4ms)[0m  [1m[32mINSERT INTO "ar_internal_metadata" ("key", "value", "created_at", "updated_at") VALUES ($1, $2, $3, $4) RETURNING "key"[0m  [["key", "environment"], ["value", "development"], ["created_at", "2017-09-16 01:30:36.367825"], ["updated_at", "2017-09-16 01:30:36.367825"]]
  [1m[35m (0.2ms)[0m  [1m[35mCOMMIT[0m
  [1m[36mActiveRecord::InternalMetadata Load (0.2ms)[0m  [1m[34mSELECT  "ar_internal_metadata".* FROM "ar_internal_metadata" WHERE "ar_internal_metadata"."key" = $1 LIMIT $2[0m  [["key", "environment"], ["LIMIT", 1]]
  [1m[35m (0.1ms)[0m  [1m[35mBEGIN[0m
  [1m[35m (0.1ms)[0m  [1m[35mCOMMIT[0m
  [1m[35m (1.0ms)[0m  [1m[34mSELECT "schema_migrations"."version" FROM "schema_migrations" ORDER BY "schema_migrations"."version" ASC[0m
Started GET "/" for 127.0.0.1 at 2017-09-15 18:30:50 -0700
  [1m[35m (1.0ms)[0m  [1m[34mSELECT "schema_migrations"."version" FROM "schema_migrations" ORDER BY "schema_migrations"."version" ASC[0m
Processing by StaticPagesController#root as HTML
  Rendering static_pages/root.html.erb within layouts/application
  Rendered static_pages/root.html.erb within layouts/application (1.2ms)
Completed 200 OK in 1984ms (Views: 1982.6ms | ActiveRecord: 0.0ms)


Started GET "/" for 127.0.0.1 at 2017-09-15 23:33:21 -0700
  [1m[35m (2.3ms)[0m  [1m[34mSELECT "schema_migrations"."version" FROM "schema_migrations" ORDER BY "schema_migrations"."version" ASC[0m
Processing by StaticPagesController#root as HTML
  Rendering static_pages/root.html.erb within layouts/application
  Rendered static_pages/root.html.erb within layouts/application (1.1ms)
Completed 200 OK in 283ms (Views: 279.9ms | ActiveRecord: 0.0ms)


Started GET "/" for 127.0.0.1 at 2017-09-15 23:41:41 -0700
Processing by StaticPagesController#root as HTML
  Rendering static_pages/root.html.erb within layouts/application
  Rendered static_pages/root.html.erb within layouts/application (1.2ms)
Completed 200 OK in 66ms (Views: 63.0ms | ActiveRecord: 0.0ms)


Started GET "/" for 127.0.0.1 at 2017-09-15 23:42:45 -0700
Processing by StaticPagesController#root as HTML
  Rendering static_pages/root.html.erb within layouts/application
  Rendered static_pages/root.html.erb within layouts/application (0.3ms)
Completed 200 OK in 52ms (Views: 49.4ms | ActiveRecord: 0.0ms)


Started POST "/api/users" for 127.0.0.1 at 2017-09-15 23:45:24 -0700
Processing by Api::UsersController#create as JSON
  Parameters: {"user"=>{"user"=>{"username"=>"thai", "password"=>"[FILTERED]"}}}
Unpermitted parameter: :user
  [1m[35m (1.0ms)[0m  [1m[35mBEGIN[0m
  [1m[35m (0.9ms)[0m  [1m[31mROLLBACK[0m
Completed 401 Unauthorized in 55ms (Views: 0.2ms | ActiveRecord: 25.6ms)


Started POST "/api/users" for 127.0.0.1 at 2017-09-15 23:46:33 -0700
Processing by Api::UsersController#create as JSON
  Parameters: {"user"=>{"username"=>"thai", "password"=>"[FILTERED]"}}
  [1m[35m (0.3ms)[0m  [1m[35mBEGIN[0m
  [1m[35mSQL (8.5ms)[0m  [1m[32mINSERT INTO "users" ("username", "password_digest", "session_token", "created_at", "updated_at") VALUES ($1, $2, $3, $4, $5) RETURNING "id"[0m  [["username", "thai"], ["password_digest", "$2a$10$fO2uN4ss/v3PqrFfxpndXed1r19Vd/JXJ0hi2ru568SWysYFJ2b8G"], ["session_token", "81YjqOYrWGHWrBJEjMOznA"], ["created_at", "2017-09-16 06:46:34.026074"], ["updated_at", "2017-09-16 06:46:34.026074"]]
  [1m[35m (1.0ms)[0m  [1m[35mCOMMIT[0m
  Rendering api/users/show.json.jbuilder
  Rendered api/users/_user.json.jbuilder (0.3ms)
  Rendered api/users/show.json.jbuilder (5.7ms)
Completed 200 OK in 98ms (Views: 13.4ms | ActiveRecord: 9.8ms)


Started DELETE "/api/session" for 127.0.0.1 at 2017-09-15 23:47:13 -0700
Processing by Api::SessionsController#destroy as JSON
  [1m[36mUser Load (1.1ms)[0m  [1m[34mSELECT  "users".* FROM "users" WHERE "users"."session_token" = $1 LIMIT $2[0m  [["session_token", "81YjqOYrWGHWrBJEjMOznA"], ["LIMIT", 1]]
  [1m[35m (0.2ms)[0m  [1m[35mBEGIN[0m
  [1m[35mSQL (2.0ms)[0m  [1m[33mUPDATE "users" SET "session_token" = $1, "updated_at" = $2 WHERE "users"."id" = $3[0m  [["session_token", "LIuAe1fmds2Nhsb22f49Yg"], ["updated_at", "2017-09-16 06:47:13.538310"], ["id", 1]]
  [1m[35m (0.3ms)[0m  [1m[35mCOMMIT[0m
Completed 200 OK in 12ms (Views: 0.2ms | ActiveRecord: 4.1ms)


Started POST "/api/session" for 127.0.0.1 at 2017-09-15 23:47:49 -0700
Processing by Api::SessionsController#create as JSON
  Parameters: {"user"=>{"username"=>"thai", "password"=>"[FILTERED]"}}
  [1m[36mUser Load (0.3ms)[0m  [1m[34mSELECT  "users".* FROM "users" WHERE "users"."username" = $1 LIMIT $2[0m  [["username", "thai"], ["LIMIT", 1]]
  Rendering api/sessions/show.json.jbuilder
  Rendered api/users/_user.json.jbuilder (0.3ms)
  Rendered api/sessions/show.json.jbuilder (2.0ms)
Completed 200 OK in 85ms (Views: 14.5ms | ActiveRecord: 0.3ms)


Started GET "/" for 127.0.0.1 at 2017-09-15 23:51:08 -0700
Processing by StaticPagesController#root as HTML
  Rendering static_pages/root.html.erb within layouts/application
  Rendered static_pages/root.html.erb within layouts/application (2.1ms)
Completed 200 OK in 376ms (Views: 371.1ms | ActiveRecord: 0.0ms)


Started GET "/" for 127.0.0.1 at 2017-09-15 23:51:42 -0700
Processing by StaticPagesController#root as HTML
  Rendering static_pages/root.html.erb within layouts/application
  Rendered static_pages/root.html.erb within layouts/application (0.4ms)
Completed 200 OK in 310ms (Views: 307.5ms | ActiveRecord: 0.0ms)


Started GET "/" for 127.0.0.1 at 2017-09-15 23:51:50 -0700
Processing by StaticPagesController#root as HTML
  Rendering static_pages/root.html.erb within layouts/application
  Rendered static_pages/root.html.erb within layouts/application (0.4ms)
Completed 200 OK in 28ms (Views: 26.1ms | ActiveRecord: 0.0ms)


Started DELETE "/api/session" for 127.0.0.1 at 2017-09-15 23:51:59 -0700
Processing by Api::SessionsController#destroy as JSON
  [1m[36mUser Load (0.7ms)[0m  [1m[34mSELECT  "users".* FROM "users" WHERE "users"."session_token" = $1 LIMIT $2[0m  [["session_token", "LIuAe1fmds2Nhsb22f49Yg"], ["LIMIT", 1]]
  [1m[35m (0.2ms)[0m  [1m[35mBEGIN[0m
  [1m[35mSQL (2.5ms)[0m  [1m[33mUPDATE "users" SET "session_token" = $1, "updated_at" = $2 WHERE "users"."id" = $3[0m  [["session_token", "99RNGsC3pnz7er9jhB4K6Q"], ["updated_at", "2017-09-16 06:51:59.379504"], ["id", 1]]
  [1m[35m (0.5ms)[0m  [1m[35mCOMMIT[0m
Completed 200 OK in 11ms (Views: 0.2ms | ActiveRecord: 3.8ms)


Started DELETE "/api/session" for 127.0.0.1 at 2017-09-15 23:52:01 -0700
Processing by Api::SessionsController#destroy as JSON
Completed 404 Not Found in 1ms (Views: 0.2ms | ActiveRecord: 0.0ms)


Started GET "/" for 127.0.0.1 at 2017-09-15 23:52:04 -0700
Processing by StaticPagesController#root as HTML
  Rendering static_pages/root.html.erb within layouts/application
  Rendered static_pages/root.html.erb within layouts/application (0.3ms)
Completed 200 OK in 26ms (Views: 23.7ms | ActiveRecord: 0.0ms)


Started DELETE "/api/session" for 127.0.0.1 at 2017-09-15 23:52:06 -0700
Processing by Api::SessionsController#destroy as JSON
Completed 404 Not Found in 1ms (Views: 0.2ms | ActiveRecord: 0.0ms)


Started GET "/" for 127.0.0.1 at 2017-09-15 23:52:07 -0700
Processing by StaticPagesController#root as HTML
  Rendering static_pages/root.html.erb within layouts/application
  Rendered static_pages/root.html.erb within layouts/application (0.4ms)
Completed 200 OK in 26ms (Views: 23.6ms | ActiveRecord: 0.0ms)


Started DELETE "/api/session" for 127.0.0.1 at 2017-09-15 23:52:08 -0700
Processing by Api::SessionsController#destroy as JSON
Completed 404 Not Found in 1ms (Views: 0.2ms | ActiveRecord: 0.0ms)


Started GET "/" for 127.0.0.1 at 2017-09-15 23:52:09 -0700
Processing by StaticPagesController#root as HTML
  Rendering static_pages/root.html.erb within layouts/application
  Rendered static_pages/root.html.erb within layouts/application (0.3ms)
Completed 200 OK in 26ms (Views: 24.2ms | ActiveRecord: 0.0ms)


Started POST "/api/session" for 127.0.0.1 at 2017-09-15 23:52:12 -0700
Processing by Api::SessionsController#create as JSON
  Parameters: {"user"=>{"username"=>"thai", "password"=>"[FILTERED]"}}
  [1m[36mUser Load (0.4ms)[0m  [1m[34mSELECT  "users".* FROM "users" WHERE "users"."username" = $1 LIMIT $2[0m  [["username", "thai"], ["LIMIT", 1]]
  Rendering api/sessions/show.json.jbuilder
  Rendered api/users/_user.json.jbuilder (0.5ms)
  Rendered api/sessions/show.json.jbuilder (3.0ms)
Completed 200 OK in 85ms (Views: 11.6ms | ActiveRecord: 0.4ms)


Started DELETE "/api/session" for 127.0.0.1 at 2017-09-15 23:52:15 -0700
Processing by Api::SessionsController#destroy as JSON
  [1m[36mUser Load (0.4ms)[0m  [1m[34mSELECT  "users".* FROM "users" WHERE "users"."session_token" = $1 LIMIT $2[0m  [["session_token", "99RNGsC3pnz7er9jhB4K6Q"], ["LIMIT", 1]]
  [1m[35m (0.2ms)[0m  [1m[35mBEGIN[0m
  [1m[35mSQL (0.4ms)[0m  [1m[33mUPDATE "users" SET "session_token" = $1, "updated_at" = $2 WHERE "users"."id" = $3[0m  [["session_token", "4c8bfSdhFr09I1ziOI0c9Q"], ["updated_at", "2017-09-16 06:52:15.742233"], ["id", 1]]
  [1m[35m (2.1ms)[0m  [1m[35mCOMMIT[0m
Completed 200 OK in 7ms (Views: 0.2ms | ActiveRecord: 3.2ms)


Started GET "/" for 127.0.0.1 at 2017-09-15 23:52:23 -0700
Processing by StaticPagesController#root as HTML
  Rendering static_pages/root.html.erb within layouts/application
  Rendered static_pages/root.html.erb within layouts/application (0.4ms)
Completed 200 OK in 35ms (Views: 32.5ms | ActiveRecord: 0.0ms)


Started GET "/" for 127.0.0.1 at 2017-09-15 23:52:25 -0700
Processing by StaticPagesController#root as HTML
  Rendering static_pages/root.html.erb within layouts/application
  Rendered static_pages/root.html.erb within layouts/application (0.4ms)
Completed 200 OK in 25ms (Views: 23.6ms | ActiveRecord: 0.0ms)


Started POST "/api/session" for 127.0.0.1 at 2017-09-15 23:52:30 -0700
Processing by Api::SessionsController#create as JSON
  Parameters: {"user"=>{"username"=>"thai", "password"=>"[FILTERED]"}}
  [1m[36mUser Load (0.3ms)[0m  [1m[34mSELECT  "users".* FROM "users" WHERE "users"."username" = $1 LIMIT $2[0m  [["username", "thai"], ["LIMIT", 1]]
  Rendering api/sessions/show.json.jbuilder
  Rendered api/users/_user.json.jbuilder (0.4ms)
  Rendered api/sessions/show.json.jbuilder (2.2ms)
Completed 200 OK in 82ms (Views: 11.7ms | ActiveRecord: 0.3ms)


Started DELETE "/api/session" for 127.0.0.1 at 2017-09-15 23:52:37 -0700
Processing by Api::SessionsController#destroy as JSON
  [1m[36mUser Load (0.3ms)[0m  [1m[34mSELECT  "users".* FROM "users" WHERE "users"."session_token" = $1 LIMIT $2[0m  [["session_token", "4c8bfSdhFr09I1ziOI0c9Q"], ["LIMIT", 1]]
  [1m[35m (0.1ms)[0m  [1m[35mBEGIN[0m
  [1m[35mSQL (0.5ms)[0m  [1m[33mUPDATE "users" SET "session_token" = $1, "updated_at" = $2 WHERE "users"."id" = $3[0m  [["session_token", "Ht42yL54FpcuocpNiRn-pA"], ["updated_at", "2017-09-16 06:52:37.090767"], ["id", 1]]
  [1m[35m (2.3ms)[0m  [1m[35mCOMMIT[0m
Completed 200 OK in 7ms (Views: 0.2ms | ActiveRecord: 3.3ms)


Started GET "/" for 127.0.0.1 at 2017-09-16 11:02:46 -0700
  [1m[35m (2.1ms)[0m  [1m[34mSELECT "schema_migrations"."version" FROM "schema_migrations" ORDER BY "schema_migrations"."version" ASC[0m
Processing by StaticPagesController#root as HTML
  Rendering static_pages/root.html.erb within layouts/application
  Rendered static_pages/root.html.erb within layouts/application (1.1ms)
Completed 200 OK in 682ms (Views: 679.1ms | ActiveRecord: 0.0ms)


Started POST "/api/session" for 127.0.0.1 at 2017-09-16 11:02:52 -0700
Processing by Api::SessionsController#create as JSON
  Parameters: {"user"=>{"username"=>"thai", "password"=>"[FILTERED]"}}
  [1m[36mUser Load (3.0ms)[0m  [1m[34mSELECT  "users".* FROM "users" WHERE "users"."username" = $1 LIMIT $2[0m  [["username", "thai"], ["LIMIT", 1]]
  Rendering api/sessions/show.json.jbuilder
  Rendered api/users/_user.json.jbuilder (0.4ms)
  Rendered api/sessions/show.json.jbuilder (5.0ms)
Completed 200 OK in 118ms (Views: 16.5ms | ActiveRecord: 14.0ms)


Started DELETE "/api/session" for 127.0.0.1 at 2017-09-16 11:02:58 -0700
Processing by Api::SessionsController#destroy as JSON
  [1m[36mUser Load (0.4ms)[0m  [1m[34mSELECT  "users".* FROM "users" WHERE "users"."session_token" = $1 LIMIT $2[0m  [["session_token", "Ht42yL54FpcuocpNiRn-pA"], ["LIMIT", 1]]
  [1m[35m (2.1ms)[0m  [1m[35mBEGIN[0m
  [1m[35mSQL (4.0ms)[0m  [1m[33mUPDATE "users" SET "session_token" = $1, "updated_at" = $2 WHERE "users"."id" = $3[0m  [["session_token", "2NbYMTUQOncZ8641-ePXuw"], ["updated_at", "2017-09-16 18:02:59.000759"], ["id", 1]]
  [1m[35m (0.9ms)[0m  [1m[35mCOMMIT[0m
Completed 200 OK in 12ms (Views: 0.2ms | ActiveRecord: 7.4ms)


Started GET "/" for 127.0.0.1 at 2017-09-16 11:14:43 -0700
Processing by StaticPagesController#root as HTML
  Rendering static_pages/root.html.erb within layouts/application
  Rendered static_pages/root.html.erb within layouts/application (0.4ms)
Completed 200 OK in 289ms (Views: 286.4ms | ActiveRecord: 0.0ms)


Started POST "/api/session" for 127.0.0.1 at 2017-09-16 11:15:16 -0700
Processing by Api::SessionsController#create as JSON
  Parameters: {"user"=>{"username"=>"thai", "password"=>"[FILTERED]"}}
  [1m[36mUser Load (0.4ms)[0m  [1m[34mSELECT  "users".* FROM "users" WHERE "users"."username" = $1 LIMIT $2[0m  [["username", "thai"], ["LIMIT", 1]]
  Rendering api/sessions/show.json.jbuilder
  Rendered api/users/_user.json.jbuilder (0.4ms)
  Rendered api/sessions/show.json.jbuilder (2.3ms)
Completed 200 OK in 86ms (Views: 12.7ms | ActiveRecord: 0.4ms)


Started DELETE "/api/session" for 127.0.0.1 at 2017-09-16 11:15:30 -0700
Processing by Api::SessionsController#destroy as JSON
  [1m[36mUser Load (0.4ms)[0m  [1m[34mSELECT  "users".* FROM "users" WHERE "users"."session_token" = $1 LIMIT $2[0m  [["session_token", "2NbYMTUQOncZ8641-ePXuw"], ["LIMIT", 1]]
  [1m[35m (0.1ms)[0m  [1m[35mBEGIN[0m
  [1m[35mSQL (0.5ms)[0m  [1m[33mUPDATE "users" SET "session_token" = $1, "updated_at" = $2 WHERE "users"."id" = $3[0m  [["session_token", "qPybtSg6wIs3EXN3mrpHIQ"], ["updated_at", "2017-09-16 18:15:30.687706"], ["id", 1]]
  [1m[35m (1.7ms)[0m  [1m[35mCOMMIT[0m
Completed 200 OK in 6ms (Views: 0.2ms | ActiveRecord: 2.8ms)


Started GET "/" for 127.0.0.1 at 2017-09-16 11:47:32 -0700
Processing by StaticPagesController#root as HTML
  Rendering static_pages/root.html.erb within layouts/application
  Rendered static_pages/root.html.erb within layouts/application (1.1ms)
Completed 200 OK in 424ms (Views: 419.9ms | ActiveRecord: 0.0ms)


Started GET "/" for 127.0.0.1 at 2017-09-16 11:47:44 -0700
Processing by StaticPagesController#root as HTML
  Rendering static_pages/root.html.erb within layouts/application
  Rendered static_pages/root.html.erb within layouts/application (0.4ms)
Completed 200 OK in 34ms (Views: 32.1ms | ActiveRecord: 0.0ms)


Started GET "/" for 127.0.0.1 at 2017-09-16 11:50:22 -0700
Processing by StaticPagesController#root as HTML
  Rendering static_pages/root.html.erb within layouts/application
  Rendered static_pages/root.html.erb within layouts/application (3.6ms)
Completed 200 OK in 464ms (Views: 458.4ms | ActiveRecord: 0.0ms)


Started GET "/" for 127.0.0.1 at 2017-09-16 11:52:02 -0700
Processing by StaticPagesController#root as HTML
  Rendering static_pages/root.html.erb within layouts/application
  Rendered static_pages/root.html.erb within layouts/application (0.6ms)
Completed 200 OK in 314ms (Views: 311.3ms | ActiveRecord: 0.0ms)


Started GET "/" for 127.0.0.1 at 2017-09-16 11:54:03 -0700
Processing by StaticPagesController#root as HTML
  Rendering static_pages/root.html.erb within layouts/application
  Rendered static_pages/root.html.erb within layouts/application (5.4ms)
Completed 200 OK in 433ms (Views: 425.3ms | ActiveRecord: 0.0ms)


Started GET "/" for 127.0.0.1 at 2017-09-16 11:54:19 -0700
Processing by StaticPagesController#root as HTML
  Rendering static_pages/root.html.erb within layouts/application
  Rendered static_pages/root.html.erb within layouts/application (2.0ms)
Completed 200 OK in 381ms (Views: 378.3ms | ActiveRecord: 0.0ms)


Started GET "/" for 127.0.0.1 at 2017-09-16 11:54:49 -0700
Processing by StaticPagesController#root as HTML
  Rendering static_pages/root.html.erb within layouts/application
  Rendered static_pages/root.html.erb within layouts/application (2.2ms)
Completed 200 OK in 402ms (Views: 399.5ms | ActiveRecord: 0.0ms)


Started GET "/" for 127.0.0.1 at 2017-09-16 11:55:04 -0700
Processing by StaticPagesController#root as HTML
  Rendering static_pages/root.html.erb within layouts/application
  Rendered static_pages/root.html.erb within layouts/application (1.4ms)
Completed 200 OK in 36ms (Views: 33.5ms | ActiveRecord: 0.0ms)


Started GET "/" for 127.0.0.1 at 2017-09-16 11:56:11 -0700
Processing by StaticPagesController#root as HTML
  Rendering static_pages/root.html.erb within layouts/application
  Rendered static_pages/root.html.erb within layouts/application (2.4ms)
Completed 200 OK in 325ms (Views: 322.5ms | ActiveRecord: 0.0ms)


Started GET "/" for 127.0.0.1 at 2017-09-16 11:56:44 -0700
Processing by StaticPagesController#root as HTML
  Rendering static_pages/root.html.erb within layouts/application
  Rendered static_pages/root.html.erb within layouts/application (2.4ms)
Completed 200 OK in 418ms (Views: 411.6ms | ActiveRecord: 0.0ms)


Started POST "/api/session" for 127.0.0.1 at 2017-09-16 11:56:54 -0700
Processing by Api::SessionsController#create as JSON
  Parameters: {"user"=>{"username"=>"thai", "password"=>"[FILTERED]"}}
  [1m[36mUser Load (3.9ms)[0m  [1m[34mSELECT  "users".* FROM "users" WHERE "users"."username" = $1 LIMIT $2[0m  [["username", "thai"], ["LIMIT", 1]]
  Rendering api/sessions/show.json.jbuilder
  Rendered api/users/_user.json.jbuilder (0.3ms)
  Rendered api/sessions/show.json.jbuilder (1.9ms)
Completed 200 OK in 93ms (Views: 10.8ms | ActiveRecord: 3.9ms)


Started DELETE "/api/session" for 127.0.0.1 at 2017-09-16 11:57:11 -0700
Processing by Api::SessionsController#destroy as JSON
  [1m[36mUser Load (3.7ms)[0m  [1m[34mSELECT  "users".* FROM "users" WHERE "users"."session_token" = $1 LIMIT $2[0m  [["session_token", "qPybtSg6wIs3EXN3mrpHIQ"], ["LIMIT", 1]]
  [1m[35m (0.2ms)[0m  [1m[35mBEGIN[0m
  [1m[35mSQL (0.8ms)[0m  [1m[33mUPDATE "users" SET "session_token" = $1, "updated_at" = $2 WHERE "users"."id" = $3[0m  [["session_token", "Qk6IFCFqFXu7ETpm8E_e9g"], ["updated_at", "2017-09-16 18:57:11.977039"], ["id", 1]]
  [1m[35m (0.4ms)[0m  [1m[35mCOMMIT[0m
Completed 200 OK in 11ms (Views: 0.2ms | ActiveRecord: 5.1ms)


Started GET "/" for 127.0.0.1 at 2017-09-16 11:58:48 -0700
Processing by StaticPagesController#root as HTML
  Rendering static_pages/root.html.erb within layouts/application
  Rendered static_pages/root.html.erb within layouts/application (0.5ms)
Completed 200 OK in 302ms (Views: 299.4ms | ActiveRecord: 0.0ms)


Started POST "/api/session" for 127.0.0.1 at 2017-09-16 11:58:54 -0700
Processing by Api::SessionsController#create as JSON
  Parameters: {"user"=>{"username"=>"thai", "password"=>"[FILTERED]"}}
  [1m[36mUser Load (0.5ms)[0m  [1m[34mSELECT  "users".* FROM "users" WHERE "users"."username" = $1 LIMIT $2[0m  [["username", "thai"], ["LIMIT", 1]]
  Rendering api/sessions/show.json.jbuilder
  Rendered api/users/_user.json.jbuilder (0.4ms)
  Rendered api/sessions/show.json.jbuilder (2.7ms)
Completed 200 OK in 91ms (Views: 14.2ms | ActiveRecord: 0.5ms)


Started DELETE "/api/session" for 127.0.0.1 at 2017-09-16 11:58:56 -0700
Processing by Api::SessionsController#destroy as JSON
  [1m[36mUser Load (0.4ms)[0m  [1m[34mSELECT  "users".* FROM "users" WHERE "users"."session_token" = $1 LIMIT $2[0m  [["session_token", "Qk6IFCFqFXu7ETpm8E_e9g"], ["LIMIT", 1]]
  [1m[35m (0.2ms)[0m  [1m[35mBEGIN[0m
  [1m[35mSQL (3.3ms)[0m  [1m[33mUPDATE "users" SET "session_token" = $1, "updated_at" = $2 WHERE "users"."id" = $3[0m  [["session_token", "lPe2QxF9ByHO7jwLbElvyA"], ["updated_at", "2017-09-16 18:58:56.970979"], ["id", 1]]
  [1m[35m (0.5ms)[0m  [1m[35mCOMMIT[0m
Completed 200 OK in 12ms (Views: 0.2ms | ActiveRecord: 4.4ms)


Started GET "/" for 127.0.0.1 at 2017-09-16 11:58:59 -0700
Processing by StaticPagesController#root as HTML
  Rendering static_pages/root.html.erb within layouts/application
  Rendered static_pages/root.html.erb within layouts/application (0.4ms)
Completed 200 OK in 36ms (Views: 33.9ms | ActiveRecord: 0.0ms)


Started GET "/" for 127.0.0.1 at 2017-09-16 11:59:00 -0700
Processing by StaticPagesController#root as HTML
  Rendering static_pages/root.html.erb within layouts/application
  Rendered static_pages/root.html.erb within layouts/application (0.5ms)
Completed 200 OK in 59ms (Views: 55.9ms | ActiveRecord: 0.0ms)


Started POST "/api/session" for 127.0.0.1 at 2017-09-16 11:59:05 -0700
Processing by Api::SessionsController#create as JSON
  Parameters: {"user"=>{"username"=>"thai1", "password"=>"[FILTERED]"}}
  [1m[36mUser Load (0.5ms)[0m  [1m[34mSELECT  "users".* FROM "users" WHERE "users"."username" = $1 LIMIT $2[0m  [["username", "thai1"], ["LIMIT", 1]]
Completed 401 Unauthorized in 3ms (Views: 0.3ms | ActiveRecord: 0.5ms)


Started POST "/api/session" for 127.0.0.1 at 2017-09-16 11:59:10 -0700
Processing by Api::SessionsController#create as JSON
  Parameters: {"user"=>{"username"=>"thai", "password"=>"[FILTERED]"}}
  [1m[36mUser Load (0.4ms)[0m  [1m[34mSELECT  "users".* FROM "users" WHERE "users"."username" = $1 LIMIT $2[0m  [["username", "thai"], ["LIMIT", 1]]
  Rendering api/sessions/show.json.jbuilder
  Rendered api/users/_user.json.jbuilder (0.3ms)
  Rendered api/sessions/show.json.jbuilder (1.9ms)
Completed 200 OK in 82ms (Views: 8.4ms | ActiveRecord: 0.4ms)


Started DELETE "/api/session" for 127.0.0.1 at 2017-09-16 11:59:13 -0700
Processing by Api::SessionsController#destroy as JSON
  [1m[36mUser Load (0.4ms)[0m  [1m[34mSELECT  "users".* FROM "users" WHERE "users"."session_token" = $1 LIMIT $2[0m  [["session_token", "lPe2QxF9ByHO7jwLbElvyA"], ["LIMIT", 1]]
  [1m[35m (0.1ms)[0m  [1m[35mBEGIN[0m
  [1m[35mSQL (0.6ms)[0m  [1m[33mUPDATE "users" SET "session_token" = $1, "updated_at" = $2 WHERE "users"."id" = $3[0m  [["session_token", "BJraVIfKhhUhHvd9t8nO3A"], ["updated_at", "2017-09-16 18:59:13.164368"], ["id", 1]]
  [1m[35m (2.1ms)[0m  [1m[35mCOMMIT[0m
Completed 200 OK in 7ms (Views: 0.2ms | ActiveRecord: 3.3ms)


Started GET "/" for 127.0.0.1 at 2017-09-16 12:10:56 -0700
Processing by StaticPagesController#root as HTML
  Rendering static_pages/root.html.erb within layouts/application
  Rendered static_pages/root.html.erb within layouts/application (5.7ms)
Completed 200 OK in 95ms (Views: 91.0ms | ActiveRecord: 0.0ms)


Started POST "/api/session" for 127.0.0.1 at 2017-09-16 12:11:10 -0700
Processing by Api::SessionsController#create as JSON
  Parameters: {"user"=>{"username"=>"thai", "password"=>"[FILTERED]"}}
  [1m[36mUser Load (1.8ms)[0m  [1m[34mSELECT  "users".* FROM "users" WHERE "users"."username" = $1 LIMIT $2[0m  [["username", "thai"], ["LIMIT", 1]]
  Rendering api/sessions/show.json.jbuilder
  Rendered api/users/_user.json.jbuilder (0.6ms)
  Rendered api/sessions/show.json.jbuilder (4.3ms)
Completed 200 OK in 88ms (Views: 13.1ms | ActiveRecord: 1.8ms)


Started GET "/" for 127.0.0.1 at 2017-09-16 12:11:32 -0700
Processing by StaticPagesController#root as HTML
  Rendering static_pages/root.html.erb within layouts/application
  [1m[36mUser Load (0.6ms)[0m  [1m[34mSELECT  "users".* FROM "users" WHERE "users"."session_token" = $1 LIMIT $2[0m  [["session_token", "BJraVIfKhhUhHvd9t8nO3A"], ["LIMIT", 1]]
  Rendered api/users/_user.json.jbuilder (1.2ms)
  Rendered static_pages/root.html.erb within layouts/application (7.3ms)
Completed 200 OK in 67ms (Views: 63.9ms | ActiveRecord: 0.6ms)


Started GET "/" for 127.0.0.1 at 2017-09-16 12:12:22 -0700
Processing by StaticPagesController#root as HTML
  Rendering static_pages/root.html.erb within layouts/application
  [1m[36mUser Load (0.3ms)[0m  [1m[34mSELECT  "users".* FROM "users" WHERE "users"."session_token" = $1 LIMIT $2[0m  [["session_token", "BJraVIfKhhUhHvd9t8nO3A"], ["LIMIT", 1]]
  Rendered api/users/_user.json.jbuilder (0.8ms)
  Rendered static_pages/root.html.erb within layouts/application (5.2ms)
Completed 200 OK in 78ms (Views: 76.1ms | ActiveRecord: 0.3ms)


Started POST "/api/session" for 127.0.0.1 at 2017-09-16 12:12:33 -0700
Processing by Api::SessionsController#create as JSON
  Parameters: {"user"=>{"username"=>"thai", "password"=>"[FILTERED]"}}
  [1m[36mUser Load (0.3ms)[0m  [1m[34mSELECT  "users".* FROM "users" WHERE "users"."username" = $1 LIMIT $2[0m  [["username", "thai"], ["LIMIT", 1]]
  Rendering api/sessions/show.json.jbuilder
  Rendered api/users/_user.json.jbuilder (0.3ms)
  Rendered api/sessions/show.json.jbuilder (2.2ms)
Completed 200 OK in 83ms (Views: 11.2ms | ActiveRecord: 0.3ms)


Started DELETE "/api/session" for 127.0.0.1 at 2017-09-16 12:12:43 -0700
Processing by Api::SessionsController#destroy as JSON
  [1m[36mUser Load (0.3ms)[0m  [1m[34mSELECT  "users".* FROM "users" WHERE "users"."session_token" = $1 LIMIT $2[0m  [["session_token", "BJraVIfKhhUhHvd9t8nO3A"], ["LIMIT", 1]]
  [1m[35m (0.1ms)[0m  [1m[35mBEGIN[0m
  [1m[35mSQL (0.8ms)[0m  [1m[33mUPDATE "users" SET "session_token" = $1, "updated_at" = $2 WHERE "users"."id" = $3[0m  [["session_token", "mgYBNmTfIjX34_ScuiOj2A"], ["updated_at", "2017-09-16 19:12:43.922536"], ["id", 1]]
  [1m[35m (2.1ms)[0m  [1m[35mCOMMIT[0m
Completed 200 OK in 8ms (Views: 0.2ms | ActiveRecord: 3.3ms)


Started POST "/api/session" for 127.0.0.1 at 2017-09-16 12:12:51 -0700
Processing by Api::SessionsController#create as JSON
  Parameters: {"user"=>{"username"=>"thai", "password"=>"[FILTERED]"}}
  [1m[36mUser Load (0.2ms)[0m  [1m[34mSELECT  "users".* FROM "users" WHERE "users"."username" = $1 LIMIT $2[0m  [["username", "thai"], ["LIMIT", 1]]
  Rendering api/sessions/show.json.jbuilder
  Rendered api/users/_user.json.jbuilder (0.3ms)
  Rendered api/sessions/show.json.jbuilder (1.5ms)
Completed 200 OK in 84ms (Views: 8.6ms | ActiveRecord: 0.2ms)


Started DELETE "/api/session" for 127.0.0.1 at 2017-09-16 12:17:55 -0700
Processing by Api::SessionsController#destroy as JSON
  [1m[36mUser Load (0.7ms)[0m  [1m[34mSELECT  "users".* FROM "users" WHERE "users"."session_token" = $1 LIMIT $2[0m  [["session_token", "mgYBNmTfIjX34_ScuiOj2A"], ["LIMIT", 1]]
  [1m[35m (0.2ms)[0m  [1m[35mBEGIN[0m
  [1m[35mSQL (0.7ms)[0m  [1m[33mUPDATE "users" SET "session_token" = $1, "updated_at" = $2 WHERE "users"."id" = $3[0m  [["session_token", "Un32DMdKBMGtVYQnR28atA"], ["updated_at", "2017-09-16 19:17:55.296987"], ["id", 1]]
  [1m[35m (0.4ms)[0m  [1m[35mCOMMIT[0m
Completed 200 OK in 25ms (Views: 1.3ms | ActiveRecord: 2.1ms)


Started GET "/" for 127.0.0.1 at 2017-09-16 12:17:58 -0700
Processing by StaticPagesController#root as HTML
  Rendering static_pages/root.html.erb within layouts/application
  Rendered static_pages/root.html.erb within layouts/application (2.8ms)
Completed 200 OK in 362ms (Views: 356.4ms | ActiveRecord: 0.0ms)


Started POST "/api/session" for 127.0.0.1 at 2017-09-16 12:18:05 -0700
Processing by Api::SessionsController#create as JSON
  Parameters: {"user"=>{"username"=>"thai", "password"=>"[FILTERED]"}}
  [1m[36mUser Load (0.3ms)[0m  [1m[34mSELECT  "users".* FROM "users" WHERE "users"."username" = $1 LIMIT $2[0m  [["username", "thai"], ["LIMIT", 1]]
  Rendering api/sessions/show.json.jbuilder
  Rendered api/users/_user.json.jbuilder (0.6ms)
  Rendered api/sessions/show.json.jbuilder (3.5ms)
Completed 200 OK in 90ms (Views: 16.0ms | ActiveRecord: 0.3ms)


Started GET "/" for 127.0.0.1 at 2017-09-16 12:18:07 -0700
Processing by StaticPagesController#root as HTML
  Rendering static_pages/root.html.erb within layouts/application
  [1m[36mUser Load (0.3ms)[0m  [1m[34mSELECT  "users".* FROM "users" WHERE "users"."session_token" = $1 LIMIT $2[0m  [["session_token", "Un32DMdKBMGtVYQnR28atA"], ["LIMIT", 1]]
  Rendered api/users/_user.json.jbuilder (0.4ms)
  Rendered static_pages/root.html.erb within layouts/application (4.4ms)
Completed 200 OK in 33ms (Views: 30.5ms | ActiveRecord: 0.3ms)


Started GET "/" for 127.0.0.1 at 2017-09-16 12:18:09 -0700
Processing by StaticPagesController#root as HTML
  Rendering static_pages/root.html.erb within layouts/application
  [1m[36mUser Load (0.3ms)[0m  [1m[34mSELECT  "users".* FROM "users" WHERE "users"."session_token" = $1 LIMIT $2[0m  [["session_token", "Un32DMdKBMGtVYQnR28atA"], ["LIMIT", 1]]
  Rendered api/users/_user.json.jbuilder (0.4ms)
  Rendered static_pages/root.html.erb within layouts/application (4.5ms)
Completed 200 OK in 35ms (Views: 33.0ms | ActiveRecord: 0.3ms)


Started DELETE "/api/session" for 127.0.0.1 at 2017-09-16 12:18:40 -0700
Processing by Api::SessionsController#destroy as JSON
  [1m[36mUser Load (0.2ms)[0m  [1m[34mSELECT  "users".* FROM "users" WHERE "users"."session_token" = $1 LIMIT $2[0m  [["session_token", "Un32DMdKBMGtVYQnR28atA"], ["LIMIT", 1]]
  [1m[35m (0.1ms)[0m  [1m[35mBEGIN[0m
  [1m[35mSQL (0.5ms)[0m  [1m[33mUPDATE "users" SET "session_token" = $1, "updated_at" = $2 WHERE "users"."id" = $3[0m  [["session_token", "1PY2a-jhIMnamPGMyr2DxA"], ["updated_at", "2017-09-16 19:18:40.159132"], ["id", 1]]
  [1m[35m (1.5ms)[0m  [1m[35mCOMMIT[0m
Completed 200 OK in 7ms (Views: 0.3ms | ActiveRecord: 2.3ms)


Started GET "/" for 127.0.0.1 at 2017-09-16 12:28:07 -0700
Processing by StaticPagesController#root as HTML
  Rendering static_pages/root.html.erb within layouts/application
  Rendered static_pages/root.html.erb within layouts/application (3.6ms)
Completed 200 OK in 327ms (Views: 322.9ms | ActiveRecord: 0.0ms)


Started GET "/" for 127.0.0.1 at 2017-09-16 12:29:10 -0700
Processing by StaticPagesController#root as HTML
  Rendering static_pages/root.html.erb within layouts/application
  Rendered static_pages/root.html.erb within layouts/application (0.9ms)
Completed 200 OK in 392ms (Views: 389.9ms | ActiveRecord: 0.0ms)


Started GET "/" for 127.0.0.1 at 2017-09-16 12:31:47 -0700
Processing by StaticPagesController#root as HTML
  Rendering static_pages/root.html.erb within layouts/application
  Rendered static_pages/root.html.erb within layouts/application (3.9ms)
Completed 200 OK in 343ms (Views: 339.2ms | ActiveRecord: 0.0ms)


Started GET "/" for 127.0.0.1 at 2017-09-16 12:32:17 -0700
Processing by StaticPagesController#root as HTML
  Rendering static_pages/root.html.erb within layouts/application
  Rendered static_pages/root.html.erb within layouts/application (2.4ms)
Completed 200 OK in 375ms (Views: 371.4ms | ActiveRecord: 0.0ms)


Started GET "/" for 127.0.0.1 at 2017-09-16 12:32:56 -0700
Processing by StaticPagesController#root as HTML
  Rendering static_pages/root.html.erb within layouts/application
  Rendered static_pages/root.html.erb within layouts/application (1.1ms)
Completed 200 OK in 345ms (Views: 342.4ms | ActiveRecord: 0.0ms)


Started GET "/" for 127.0.0.1 at 2017-09-16 12:33:02 -0700
Processing by StaticPagesController#root as HTML
  Rendering static_pages/root.html.erb within layouts/application
  Rendered static_pages/root.html.erb within layouts/application (0.8ms)
Completed 200 OK in 25ms (Views: 23.3ms | ActiveRecord: 0.0ms)


Started GET "/" for 127.0.0.1 at 2017-09-16 12:33:38 -0700
Processing by StaticPagesController#root as HTML
  Rendering static_pages/root.html.erb within layouts/application
  Rendered static_pages/root.html.erb within layouts/application (3.0ms)
Completed 200 OK in 60ms (Views: 56.1ms | ActiveRecord: 0.0ms)


Started GET "/" for 127.0.0.1 at 2017-09-16 12:33:59 -0700
Processing by StaticPagesController#root as HTML
  Rendering static_pages/root.html.erb within layouts/application
  Rendered static_pages/root.html.erb within layouts/application (3.5ms)
Completed 200 OK in 514ms (Views: 510.9ms | ActiveRecord: 0.0ms)


Started GET "/" for 127.0.0.1 at 2017-09-16 12:34:17 -0700
Processing by StaticPagesController#root as HTML
  Rendering static_pages/root.html.erb within layouts/application
  Rendered static_pages/root.html.erb within layouts/application (1.0ms)
Completed 200 OK in 302ms (Views: 300.2ms | ActiveRecord: 0.0ms)


Started GET "/" for 127.0.0.1 at 2017-09-16 12:34:31 -0700
Processing by StaticPagesController#root as HTML
  Rendering static_pages/root.html.erb within layouts/application
  Rendered static_pages/root.html.erb within layouts/application (1.1ms)
Completed 200 OK in 388ms (Views: 385.7ms | ActiveRecord: 0.0ms)


Started GET "/" for 127.0.0.1 at 2017-09-16 12:34:40 -0700
Processing by StaticPagesController#root as HTML
  Rendering static_pages/root.html.erb within layouts/application
  Rendered static_pages/root.html.erb within layouts/application (1.6ms)
Completed 200 OK in 377ms (Views: 373.3ms | ActiveRecord: 0.0ms)


Started GET "/" for 127.0.0.1 at 2017-09-16 12:34:51 -0700
Processing by StaticPagesController#root as HTML
  Rendering static_pages/root.html.erb within layouts/application
  Rendered static_pages/root.html.erb within layouts/application (2.5ms)
Completed 200 OK in 406ms (Views: 402.9ms | ActiveRecord: 0.0ms)


Started GET "/" for 127.0.0.1 at 2017-09-16 12:36:25 -0700
Processing by StaticPagesController#root as HTML
  Rendering static_pages/root.html.erb within layouts/application
  Rendered static_pages/root.html.erb within layouts/application (3.4ms)
Completed 200 OK in 291ms (Views: 287.8ms | ActiveRecord: 0.0ms)


Started POST "/api/session" for 127.0.0.1 at 2017-09-16 12:36:36 -0700
Processing by Api::SessionsController#create as JSON
  Parameters: {"user"=>{"username"=>"thai", "password"=>"[FILTERED]"}}
  [1m[36mUser Load (0.5ms)[0m  [1m[34mSELECT  "users".* FROM "users" WHERE "users"."username" = $1 LIMIT $2[0m  [["username", "thai"], ["LIMIT", 1]]
  Rendering api/sessions/show.json.jbuilder
  Rendered api/users/_user.json.jbuilder (12.3ms)
  Rendered api/sessions/show.json.jbuilder (14.6ms)
Completed 200 OK in 117ms (Views: 24.1ms | ActiveRecord: 0.5ms)


Started GET "/" for 127.0.0.1 at 2017-09-16 12:36:55 -0700
Processing by StaticPagesController#root as HTML
  Rendering static_pages/root.html.erb within layouts/application
  [1m[36mUser Load (0.5ms)[0m  [1m[34mSELECT  "users".* FROM "users" WHERE "users"."session_token" = $1 LIMIT $2[0m  [["session_token", "1PY2a-jhIMnamPGMyr2DxA"], ["LIMIT", 1]]
  Rendered api/users/_user.json.jbuilder (1.6ms)
  Rendered static_pages/root.html.erb within layouts/application (8.4ms)
Completed 200 OK in 340ms (Views: 336.6ms | ActiveRecord: 0.5ms)


Started DELETE "/api/session" for 127.0.0.1 at 2017-09-16 12:37:01 -0700
Processing by Api::SessionsController#destroy as JSON
  [1m[36mUser Load (0.4ms)[0m  [1m[34mSELECT  "users".* FROM "users" WHERE "users"."session_token" = $1 LIMIT $2[0m  [["session_token", "1PY2a-jhIMnamPGMyr2DxA"], ["LIMIT", 1]]
  [1m[35m (0.1ms)[0m  [1m[35mBEGIN[0m
  [1m[35mSQL (0.8ms)[0m  [1m[33mUPDATE "users" SET "session_token" = $1, "updated_at" = $2 WHERE "users"."id" = $3[0m  [["session_token", "lL1aycI2t0Hb9wnvd3NzlQ"], ["updated_at", "2017-09-16 19:37:01.384872"], ["id", 1]]
  [1m[35m (2.1ms)[0m  [1m[35mCOMMIT[0m
Completed 200 OK in 7ms (Views: 0.2ms | ActiveRecord: 3.4ms)


Started POST "/api/session" for 127.0.0.1 at 2017-09-16 12:37:11 -0700
Processing by Api::SessionsController#create as JSON
  Parameters: {"user"=>{"username"=>"thai", "password"=>"[FILTERED]"}}
  [1m[36mUser Load (0.3ms)[0m  [1m[34mSELECT  "users".* FROM "users" WHERE "users"."username" = $1 LIMIT $2[0m  [["username", "thai"], ["LIMIT", 1]]
  Rendering api/sessions/show.json.jbuilder
  Rendered api/users/_user.json.jbuilder (0.3ms)
  Rendered api/sessions/show.json.jbuilder (2.0ms)
Completed 200 OK in 81ms (Views: 12.7ms | ActiveRecord: 0.3ms)


Started DELETE "/api/session" for 127.0.0.1 at 2017-09-16 12:37:25 -0700
Processing by Api::SessionsController#destroy as JSON
  [1m[36mUser Load (0.3ms)[0m  [1m[34mSELECT  "users".* FROM "users" WHERE "users"."session_token" = $1 LIMIT $2[0m  [["session_token", "lL1aycI2t0Hb9wnvd3NzlQ"], ["LIMIT", 1]]
  [1m[35m (0.1ms)[0m  [1m[35mBEGIN[0m
  [1m[35mSQL (0.6ms)[0m  [1m[33mUPDATE "users" SET "session_token" = $1, "updated_at" = $2 WHERE "users"."id" = $3[0m  [["session_token", "8pOVO6leooeOmMRhiwltLw"], ["updated_at", "2017-09-16 19:37:25.131656"], ["id", 1]]
  [1m[35m (1.9ms)[0m  [1m[35mCOMMIT[0m
Completed 200 OK in 7ms (Views: 0.2ms | ActiveRecord: 3.0ms)


Started POST "/api/users" for 127.0.0.1 at 2017-09-16 12:38:05 -0700
Processing by Api::UsersController#create as JSON
  Parameters: {"user"=>{"username"=>"thai1", "password"=>"[FILTERED]"}}
  [1m[35m (0.2ms)[0m  [1m[35mBEGIN[0m
  [1m[35mSQL (9.2ms)[0m  [1m[32mINSERT INTO "users" ("username", "password_digest", "session_token", "created_at", "updated_at") VALUES ($1, $2, $3, $4, $5) RETURNING "id"[0m  [["username", "thai1"], ["password_digest", "$2a$10$jGfjrz6yVeCC8V1OVLwlqOg1EusErtz5/FGuymIb/dbKW2viwRr3m"], ["session_token", "eh3CiAwW-rC4YCnFZuIleg"], ["created_at", "2017-09-16 19:38:06.043139"], ["updated_at", "2017-09-16 19:38:06.043139"]]
  [1m[35m (0.5ms)[0m  [1m[35mCOMMIT[0m
  Rendering api/users/show.json.jbuilder
  Rendered api/users/_user.json.jbuilder (0.4ms)
  Rendered api/users/show.json.jbuilder (3.5ms)
Completed 200 OK in 99ms (Views: 13.4ms | ActiveRecord: 9.8ms)


Started DELETE "/api/session" for 127.0.0.1 at 2017-09-16 12:38:26 -0700
Processing by Api::SessionsController#destroy as JSON
  [1m[36mUser Load (0.3ms)[0m  [1m[34mSELECT  "users".* FROM "users" WHERE "users"."session_token" = $1 LIMIT $2[0m  [["session_token", "eh3CiAwW-rC4YCnFZuIleg"], ["LIMIT", 1]]
  [1m[35m (0.1ms)[0m  [1m[35mBEGIN[0m
  [1m[35mSQL (0.5ms)[0m  [1m[33mUPDATE "users" SET "session_token" = $1, "updated_at" = $2 WHERE "users"."id" = $3[0m  [["session_token", "Bd_ZDIoJ7LcVTW_jTGo4Iw"], ["updated_at", "2017-09-16 19:38:26.323476"], ["id", 2]]
  [1m[35m (2.2ms)[0m  [1m[35mCOMMIT[0m
Completed 200 OK in 7ms (Views: 0.2ms | ActiveRecord: 3.1ms)


Started POST "/api/session" for 127.0.0.1 at 2017-09-16 12:38:38 -0700
Processing by Api::SessionsController#create as JSON
  Parameters: {"user"=>{"username"=>"thai1", "password"=>"[FILTERED]"}}
  [1m[36mUser Load (0.2ms)[0m  [1m[34mSELECT  "users".* FROM "users" WHERE "users"."username" = $1 LIMIT $2[0m  [["username", "thai1"], ["LIMIT", 1]]
  Rendering api/sessions/show.json.jbuilder
  Rendered api/users/_user.json.jbuilder (0.3ms)
  Rendered api/sessions/show.json.jbuilder (1.8ms)
Completed 200 OK in 85ms (Views: 11.9ms | ActiveRecord: 0.2ms)


Started GET "/" for 127.0.0.1 at 2017-09-16 12:38:42 -0700
Processing by StaticPagesController#root as HTML
  Rendering static_pages/root.html.erb within layouts/application
  [1m[36mUser Load (0.2ms)[0m  [1m[34mSELECT  "users".* FROM "users" WHERE "users"."session_token" = $1 LIMIT $2[0m  [["session_token", "Bd_ZDIoJ7LcVTW_jTGo4Iw"], ["LIMIT", 1]]
  Rendered api/users/_user.json.jbuilder (0.3ms)
  Rendered static_pages/root.html.erb within layouts/application (4.3ms)
Completed 200 OK in 37ms (Views: 34.0ms | ActiveRecord: 0.2ms)


Started GET "/" for 127.0.0.1 at 2017-09-16 12:38:45 -0700
Processing by StaticPagesController#root as HTML
  Rendering static_pages/root.html.erb within layouts/application
  Rendered static_pages/root.html.erb within layouts/application (0.7ms)
Completed 200 OK in 33ms (Views: 30.0ms | ActiveRecord: 0.0ms)


Started GET "/" for 127.0.0.1 at 2017-09-16 12:38:49 -0700
Processing by StaticPagesController#root as HTML
  Rendering static_pages/root.html.erb within layouts/application
  Rendered static_pages/root.html.erb within layouts/application (0.7ms)
Completed 200 OK in 27ms (Views: 24.8ms | ActiveRecord: 0.0ms)


Started GET "/" for 127.0.0.1 at 2017-09-16 12:38:55 -0700
Processing by StaticPagesController#root as HTML
  Rendering static_pages/root.html.erb within layouts/application
  [1m[36mUser Load (0.2ms)[0m  [1m[34mSELECT  "users".* FROM "users" WHERE "users"."session_token" = $1 LIMIT $2[0m  [["session_token", "Bd_ZDIoJ7LcVTW_jTGo4Iw"], ["LIMIT", 1]]
  Rendered api/users/_user.json.jbuilder (0.5ms)
  Rendered static_pages/root.html.erb within layouts/application (4.3ms)
Completed 200 OK in 29ms (Views: 26.5ms | ActiveRecord: 0.2ms)


Started DELETE "/api/session" for 127.0.0.1 at 2017-09-16 12:38:57 -0700
Processing by Api::SessionsController#destroy as JSON
  [1m[36mUser Load (0.2ms)[0m  [1m[34mSELECT  "users".* FROM "users" WHERE "users"."session_token" = $1 LIMIT $2[0m  [["session_token", "Bd_ZDIoJ7LcVTW_jTGo4Iw"], ["LIMIT", 1]]
  [1m[35m (0.1ms)[0m  [1m[35mBEGIN[0m
  [1m[35mSQL (0.4ms)[0m  [1m[33mUPDATE "users" SET "session_token" = $1, "updated_at" = $2 WHERE "users"."id" = $3[0m  [["session_token", "TQVhJhzvptat26WXTvai5A"], ["updated_at", "2017-09-16 19:38:57.840210"], ["id", 2]]
  [1m[35m (0.4ms)[0m  [1m[35mCOMMIT[0m
Completed 200 OK in 4ms (Views: 0.2ms | ActiveRecord: 1.2ms)


Started GET "/" for 127.0.0.1 at 2017-09-16 12:39:06 -0700
Processing by StaticPagesController#root as HTML
  Rendering static_pages/root.html.erb within layouts/application
  Rendered static_pages/root.html.erb within layouts/application (0.7ms)
Completed 200 OK in 37ms (Views: 35.2ms | ActiveRecord: 0.0ms)


Started GET "/" for 127.0.0.1 at 2017-09-16 12:39:09 -0700
Processing by StaticPagesController#root as HTML
  Rendering static_pages/root.html.erb within layouts/application
  Rendered static_pages/root.html.erb within layouts/application (0.7ms)
Completed 200 OK in 30ms (Views: 28.1ms | ActiveRecord: 0.0ms)


